<?xml version="1.0" encoding="UTF-8"?>
<testng-results ignored="0" total="1" passed="1" failed="0" skipped="0">
  <reporter-output>
  </reporter-output>
  <suite started-at="2025-11-11T23:27:02 IST" name="Suite" finished-at="2025-11-11T23:27:07 IST" duration-ms="4306">
    <groups>
    </groups>
    <test started-at="2025-11-11T23:27:02 IST" name="Test" finished-at="2025-11-11T23:27:07 IST" duration-ms="4306">
      <class name="FirstTestCase">
        <test-method signature="loginTest()[pri:0, instance:FirstTestCase@368f2016]" started-at="2025-11-11T23:27:03 IST" name="loginTest" finished-at="2025-11-11T23:27:07 IST" duration-ms="4277" status="PASS">
          <reporter-output>
          </reporter-output>
        </test-method> <!-- loginTest -->
      </class> <!-- FirstTestCase -->
    </test> <!-- Test -->
  </suite> <!-- Suite -->
</testng-results>
